<?xml version="1.0" encoding="UTF-8"?>
<testsuite name="Traning1/tests" tests="1" failures="0" skipped="0" hostname="ibm-deepakagrawal" time="0.07" timestamp="Wed Aug 28 12:11:09 IST 2024">
	<properties>
		<property name="excludeCallableTestCases" value="false"/>
		<property name="testEnvironment" value="NewTest"/>
		<property name="pluginOutputLevel" value="WARNING"/>
		<property name="projectPath" value=".."/>
		<property name="salesforceMetadataCache" value="Reuse"/>
		<property name="resultsPathDisposition" value="Increment"/>
		<property name="testOutputLevel" value="INFO"/>
		<property name="webBrowserType" value="Chrome"/>
		<property name="resultsPath" value="../ANT/Results"/>
		<property name="webBrowserConfiguration" value="Full Screen"/>
		<property name="projectCachePath" value="C:\Users\deepak.agrawal\Provar\Workspace1\Traning1\ANT\..\.provarCaches"/>
	</properties>
	<testcase classname="tests/Test Case 21.testcase" name="Test Case 21.testcase" time="0.064">
	</testcase>
</testsuite>
