<?xml version="1.0" encoding="UTF-8"?>
<testsuite name="Traning1/tests" tests="1" failures="1" skipped="0" hostname="ibm-deepakagrawal" time="240.374" timestamp="Wed May 08 15:10:41 IST 2024">
	<properties>
		<property name="excludeCallableTestCases" value="true"/>
		<property name="testEnvironment" value="NewTest"/>
		<property name="pluginOutputLevel" value="WARNING"/>
		<property name="projectPath" value=".."/>
		<property name="salesforceMetadataCache" value="Reuse"/>
		<property name="resultsPathDisposition" value="Increment"/>
		<property name="testOutputLevel" value="INFO"/>
		<property name="webBrowserType" value="Chrome"/>
		<property name="resultsPath" value="../ANT/Results"/>
		<property name="webBrowserConfiguration" value="Full Screen"/>
		<property name="projectCachePath" value="C:\Users\deepak.agrawal\Provar\Workspace1\Traning1\ANT\..\.provarCaches"/>
	</properties>
	<testcase classname="tests/Assignment\ConsoleApp.testcase" name="ConsoleApp.testcase" time="235.097">
		<failure message="Execution failed"><![CDATA[The control was not found.  Locator: By.xpath: //div[contains(@class,'bRelatedList') and contains(@id, '_RelatedOpportunityList')]//div[contains(@class, 'pShowMore')]//a[last()]]]></failure>
	</testcase>
	<testcase classname="tests/Testing1\Test Case 8.teardown" name="Test Case 8.teardown" time="0.01">
	</testcase>
</testsuite>
