<?xml version="1.0" encoding="UTF-8"?>
<testsuite name="Traning1/tests" tests="1" failures="1" skipped="0" hostname="ibm-deepakagrawal" time="236.051" timestamp="Wed May 08 15:29:33 IST 2024">
	<properties>
		<property name="excludeCallableTestCases" value="false"/>
		<property name="testEnvironment" value="NewTest"/>
		<property name="pluginOutputLevel" value="WARNING"/>
		<property name="projectPath" value=".."/>
		<property name="salesforceMetadataCache" value="Reuse"/>
		<property name="resultsPathDisposition" value="Increment"/>
		<property name="testOutputLevel" value="INFO"/>
		<property name="webBrowserType" value="Chrome"/>
		<property name="resultsPath" value="../ANT/Results"/>
		<property name="webBrowserConfiguration" value="Full Screen"/>
		<property name="projectCachePath" value="C:\Users\deepak.agrawal\Provar\Workspace1\Traning1\ANT\..\..\.provarCaches"/>
	</properties>
	<testcase classname="tests/Assignment\ConsoleApp.testcase" name="ConsoleApp.testcase" time="231.911">
		<failure message="Execution failed"><![CDATA[The control was not found.  Locator: By.xpath: //div[contains(@class,'bRelatedList') and contains(@id, '_RelatedOpportunityList')]//div[contains(@class, 'pShowMore')]//a[last()]]]></failure>
	</testcase>
</testsuite>
